[    0.000000] Linux version 4.15.0-62-generic (buildd@lcy01-amd64-024) (gcc version 7.4.0 (Ubuntu 7.4.0-1ubuntu1~18.04.1)) #69-Ubuntu SMP Wed Sep 4 20:55:53 UTC 2019 (Ubuntu 4.15.0-62.69-generic 4.15.18)
[    0.000000] Command line: BOOT_IMAGE=/boot/vmlinuz-4.15.0-62-generic root=LABEL=cloudimg-rootfs ro console=tty1 console=ttyS0
[    0.000000] KERNEL supported cpus:
[    0.000000]   Intel GenuineIntel
[    0.000000]   AMD AuthenticAMD
[    0.000000]   Centaur CentaurHauls
[    0.000000] x86/fpu: Supporting XSAVE feature 0x001: 'x87 floating point registers'
[    0.000000] x86/fpu: Supporting XSAVE feature 0x002: 'SSE registers'
[    0.000000] x86/fpu: Supporting XSAVE feature 0x004: 'AVX registers'
[    0.000000] x86/fpu: xstate_offset[2]:  576, xstate_sizes[2]:  256
[    0.000000] x86/fpu: Enabled xstate features 0x7, context size is 832 bytes, using 'standard' format.
[    0.000000] e820: BIOS-provided physical RAM map:
[    0.000000] BIOS-e820: [mem 0x0000000000000000-0x000000000009fbff] usable
[    0.000000] BIOS-e820: [mem 0x000000000009fc00-0x000000000009ffff] reserved
[    0.000000] BIOS-e820: [mem 0x00000000000f0000-0x00000000000fffff] reserved
[    0.000000] BIOS-e820: [mem 0x0000000000100000-0x000000003ffeffff] usable
[    0.000000] BIOS-e820: [mem 0x000000003fff0000-0x000000003fffffff] ACPI data
[    0.000000] BIOS-e820: [mem 0x00000000fec00000-0x00000000fec00fff] reserved
[    0.000000] BIOS-e820: [mem 0x00000000fee00000-0x00000000fee00fff] reserved
[    0.000000] BIOS-e820: [mem 0x00000000fffc0000-0x00000000ffffffff] reserved
[    0.000000] NX (Execute Disable) protection: active
[    0.000000] SMBIOS 2.5 present.
[    0.000000] DMI: innotek GmbH VirtualBox/VirtualBox, BIOS VirtualBox 12/01/2006
[    0.000000] Hypervisor detected: KVM
[    0.000000] e820: last_pfn = 0x3fff0 max_arch_pfn = 0x400000000
[    0.000000] MTRR: Disabled
[    0.000000] x86/PAT: MTRRs disabled, skipping PAT initialization too.
[    0.000000] CPU MTRRs all blank - virtualized system.
[    0.000000] x86/PAT: Configuration [0-7]: WB  WT  UC- UC  WB  WT  UC- UC  
[    0.000000] found SMP MP-table at [mem 0x0009fff0-0x0009ffff]
[    0.000000] Scanning 1 areas for low memory corruption
[    0.000000] RAMDISK: [mem 0x35a8b000-0x36d3cfff]
[    0.000000] ACPI: Early table checksum verification disabled
[    0.000000] ACPI: RSDP 0x00000000000E0000 000024 (v02 VBOX  )
[    0.000000] ACPI: XSDT 0x000000003FFF0030 00003C (v01 VBOX   VBOXXSDT 00000001 ASL  00000061)
[    0.000000] ACPI: FACP 0x000000003FFF00F0 0000F4 (v04 VBOX   VBOXFACP 00000001 ASL  00000061)
[    0.000000] ACPI: DSDT 0x000000003FFF0470 0022EA (v02 VBOX   VBOXBIOS 00000002 INTL 20100528)
[    0.000000] ACPI: FACS 0x000000003FFF0200 000040
[    0.000000] ACPI: FACS 0x000000003FFF0200 000040
[    0.000000] ACPI: APIC 0x000000003FFF0240 00005C (v02 VBOX   VBOXAPIC 00000001 ASL  00000061)
[    0.000000] ACPI: SSDT 0x000000003FFF02A0 0001CC (v01 VBOX   VBOXCPUT 00000002 INTL 20100528)
[    0.000000] No NUMA configuration found
[    0.000000] Faking a node at [mem 0x0000000000000000-0x000000003ffeffff]
[    0.000000] NODE_DATA(0) allocated [mem 0x3ffc5000-0x3ffeffff]
[    0.000000] kvm-clock: cpu 0, msr 0:3ff44001, primary cpu clock
[    0.000000] kvm-clock: Using msrs 4b564d01 and 4b564d00
[    0.000000] kvm-clock: using sched offset of 9833624724 cycles
[    0.000000] clocksource: kvm-clock: mask: 0xffffffffffffffff max_cycles: 0x1cd42e4dffb, max_idle_ns: 881590591483 ns
[    0.000000] Zone ranges:
[    0.000000]   DMA      [mem 0x0000000000001000-0x0000000000ffffff]
[    0.000000]   DMA32    [mem 0x0000000001000000-0x000000003ffeffff]
[    0.000000]   Normal   empty
[    0.000000]   Device   empty
[    0.000000] Movable zone start for each node
[    0.000000] Early memory node ranges
[    0.000000]   node   0: [mem 0x0000000000001000-0x000000000009efff]
[    0.000000]   node   0: [mem 0x0000000000100000-0x000000003ffeffff]
[    0.000000] Reserved but unavailable: 98 pages
[    0.000000] Initmem setup node 0 [mem 0x0000000000001000-0x000000003ffeffff]
[    0.000000] ACPI: PM-Timer IO Port: 0x4008
[    0.000000] IOAPIC[0]: apic_id 2, version 32, address 0xfec00000, GSI 0-23
[    0.000000] ACPI: INT_SRC_OVR (bus 0 bus_irq 0 global_irq 2 dfl dfl)
[    0.000000] ACPI: INT_SRC_OVR (bus 0 bus_irq 9 global_irq 9 low level)
[    0.000000] Using ACPI (MADT) for SMP configuration information
[    0.000000] smpboot: Allowing 2 CPUs, 0 hotplug CPUs
[    0.000000] PM: Registered nosave memory: [mem 0x00000000-0x00000fff]
[    0.000000] PM: Registered nosave memory: [mem 0x0009f000-0x0009ffff]
[    0.000000] PM: Registered nosave memory: [mem 0x000a0000-0x000effff]
[    0.000000] PM: Registered nosave memory: [mem 0x000f0000-0x000fffff]
[    0.000000] e820: [mem 0x40000000-0xfebfffff] available for PCI devices
[    0.000000] Booting paravirtualized kernel on KVM
[    0.000000] clocksource: refined-jiffies: mask: 0xffffffff max_cycles: 0xffffffff, max_idle_ns: 7645519600211568 ns
[    0.000000] random: get_random_bytes called from start_kernel+0x99/0x4fd with crng_init=0
[    0.000000] setup_percpu: NR_CPUS:8192 nr_cpumask_bits:2 nr_cpu_ids:2 nr_node_ids:1
[    0.000000] percpu: Embedded 46 pages/cpu s151552 r8192 d28672 u1048576
[    0.000000] PV qspinlock hash table entries: 256 (order: 0, 4096 bytes)
[    0.000000] Built 1 zonelists, mobility grouping on.  Total pages: 257913
[    0.000000] Policy zone: DMA32
[    0.000000] Kernel command line: BOOT_IMAGE=/boot/vmlinuz-4.15.0-62-generic root=LABEL=cloudimg-rootfs ro console=tty1 console=ttyS0
[    0.000000] Memory: 983440K/1048120K available (12300K kernel code, 2481K rwdata, 4172K rodata, 2436K init, 2384K bss, 64680K reserved, 0K cma-reserved)
[    0.000000] SLUB: HWalign=64, Order=0-3, MinObjects=0, CPUs=2, Nodes=1
[    0.000000] Kernel/User page tables isolation: enabled
[    0.000000] ftrace: allocating 39306 entries in 154 pages
[    0.004000] Hierarchical RCU implementation.
[    0.004000] 	RCU restricting CPUs from NR_CPUS=8192 to nr_cpu_ids=2.
[    0.004000] 	Tasks RCU enabled.
[    0.004000] RCU: Adjusting geometry for rcu_fanout_leaf=16, nr_cpu_ids=2
[    0.004000] NR_IRQS: 524544, nr_irqs: 440, preallocated irqs: 16
[    0.004000] Console: colour VGA+ 80x25
[    0.004000] console [tty1] enabled
[    0.004000] console [ttyS0] enabled
[    0.004000] ACPI: Core revision 20170831
[    0.004000] ACPI: 2 ACPI AML tables successfully acquired and loaded
[    0.004000] APIC: Switch to symmetric I/O mode setup
[    0.005755] x2apic enabled
[    0.008021] Switched APIC routing to physical x2apic.
[    0.024000] ..TIMER: vector=0x30 apic1=0 pin1=2 apic2=-1 pin2=-1
[    0.024012] tsc: Detected 2693.764 MHz processor
[    0.028030] Calibrating delay loop (skipped) preset value.. 5387.52 BogoMIPS (lpj=10775056)
[    0.032015] pid_max: default: 32768 minimum: 301
[    0.036177] Security Framework initialized
[    0.040015] Yama: becoming mindful.
[    0.044111] AppArmor: AppArmor initialized
[    0.056211] Dentry cache hash table entries: 131072 (order: 8, 1048576 bytes)
[    0.060268] Inode-cache hash table entries: 65536 (order: 7, 524288 bytes)
[    0.064058] Mount-cache hash table entries: 2048 (order: 2, 16384 bytes)
[    0.068028] Mountpoint-cache hash table entries: 2048 (order: 2, 16384 bytes)
[    0.076788] Last level iTLB entries: 4KB 1024, 2MB 1024, 4MB 1024
[    0.080011] Last level dTLB entries: 4KB 1024, 2MB 1024, 4MB 1024, 1GB 4
[    0.084013] Spectre V1 : Mitigation: usercopy/swapgs barriers and __user pointer sanitization
[    0.088014] Spectre V2 : Mitigation: Full generic retpoline
[    0.092008] Spectre V2 : Spectre v2 / SpectreRSB mitigation: Filling RSB on context switch
[    0.096010] Speculative Store Bypass: Vulnerable
[    0.100102] MDS: Vulnerable: Clear CPU buffers attempted, no microcode
[    0.108232] Freeing SMP alternatives memory: 36K
[    0.124000] smpboot: CPU0: Intel(R) Core(TM) i7-4600U CPU @ 2.10GHz (family: 0x6, model: 0x45, stepping: 0x1)
[    0.124376] Performance Events: unsupported p6 CPU model 69 no PMU driver, software events only.
[    0.128118] Hierarchical SRCU implementation.
[    0.137636] NMI watchdog: Perf event create on CPU 0 failed with -2
[    0.140006] NMI watchdog: Perf NMI watchdog permanently disabled
[    0.144213] smp: Bringing up secondary CPUs ...
[    0.148395] x86: Booting SMP configuration:
[    0.152009] .... node  #0, CPUs:      #1
[    0.004000] kvm-clock: cpu 1, msr 0:3ff44041, secondary cpu clock
[    0.164084] smp: Brought up 1 node, 2 CPUs
[    0.168016] smpboot: Max logical packages: 1
[    0.172028] smpboot: Total of 2 processors activated (10775.05 BogoMIPS)
[    0.176371] devtmpfs: initialized
[    0.180280] x86/mm: Memory block size: 128MB
[    0.185228] evm: security.selinux
[    0.188006] evm: security.SMACK64
[    0.192007] evm: security.SMACK64EXEC
[    0.196008] evm: security.SMACK64TRANSMUTE
[    0.200007] evm: security.SMACK64MMAP
[    0.204006] evm: security.apparmor
[    0.208007] evm: security.ima
[    0.211189] evm: security.capability
[    0.216058] clocksource: jiffies: mask: 0xffffffff max_cycles: 0xffffffff, max_idle_ns: 7645041785100000 ns
[    0.224013] futex hash table entries: 512 (order: 3, 32768 bytes)
[    0.232069] pinctrl core: initialized pinctrl subsystem
[    0.240174] RTC time: 18:42:30, date: 09/14/19
[    0.244219] NET: Registered protocol family 16
[    0.248487] audit: initializing netlink subsys (disabled)
[    0.252097] audit: type=2000 audit(1568486561.347:1): state=initialized audit_enabled=0 res=1
[    0.260025] cpuidle: using governor ladder
[    0.264021] cpuidle: using governor menu
[    0.268280] ACPI: bus type PCI registered
[    0.272007] acpiphp: ACPI Hot Plug PCI Controller Driver version: 0.5
[    0.280369] PCI: Using configuration type 1 for base access
[    0.294132] HugeTLB registered 2.00 MiB page size, pre-allocated 0 pages
[    0.296358] ACPI: Added _OSI(Module Device)
[    0.300019] ACPI: Added _OSI(Processor Device)
[    0.304010] ACPI: Added _OSI(3.0 _SCP Extensions)
[    0.308040] ACPI: Added _OSI(Processor Aggregator Device)
[    0.312016] ACPI: Added _OSI(Linux-Dell-Video)
[    0.316013] ACPI: Added _OSI(Linux-Lenovo-NV-HDMI-Audio)
[    0.320016] ACPI: Added _OSI(Linux-HPI-Hybrid-Graphics)
[    0.325085] ACPI: Executed 1 blocks of module-level executable AML code
[    0.361179] ACPI: Interpreter enabled
[    0.364069] ACPI: (supports S0 S5)
[    0.368007] ACPI: Using IOAPIC for interrupt routing
[    0.374018] PCI: Using host bridge windows from ACPI; if necessary, use "pci=nocrs" and report a bug
[    0.380961] ACPI: Enabled 2 GPEs in block 00 to 07
[    0.430340] ACPI: PCI Root Bridge [PCI0] (domain 0000 [bus 00-ff])
[    0.432025] acpi PNP0A03:00: _OSC: OS supports [ASPM ClockPM Segments MSI]
[    0.441951] acpi PNP0A03:00: _OSC: not requesting OS control; OS requires [ExtendedConfig ASPM ClockPM MSI]
[    0.444061] acpi PNP0A03:00: fail to add MMCONFIG information, can't access extended PCI configuration space under this bridge.
[    0.449733] PCI host bridge to bus 0000:00
[    0.452013] pci_bus 0000:00: root bus resource [io  0x0000-0x0cf7 window]
[    0.456013] pci_bus 0000:00: root bus resource [io  0x0d00-0xffff window]
[    0.460012] pci_bus 0000:00: root bus resource [mem 0x000a0000-0x000bffff window]
[    0.464022] pci_bus 0000:00: root bus resource [mem 0x40000000-0xfdffffff window]
[    0.468021] pci_bus 0000:00: root bus resource [bus 00-ff]
[    0.480510] pci 0000:00:01.1: legacy IDE quirk: reg 0x10: [io  0x01f0-0x01f7]
[    0.484012] pci 0000:00:01.1: legacy IDE quirk: reg 0x14: [io  0x03f6]
[    0.488012] pci 0000:00:01.1: legacy IDE quirk: reg 0x18: [io  0x0170-0x0177]
[    0.492012] pci 0000:00:01.1: legacy IDE quirk: reg 0x1c: [io  0x0376]
[    0.539503] pci 0000:00:07.0: quirk: [io  0x4000-0x403f] claimed by PIIX4 ACPI
[    0.544014] pci 0000:00:07.0: quirk: [io  0x4100-0x410f] claimed by PIIX4 SMB
[    0.580772] ACPI: PCI Interrupt Link [LNKA] (IRQs 5 9 10 *11)
[    0.588489] ACPI: PCI Interrupt Link [LNKB] (IRQs 5 9 *10 11)
[    0.592789] ACPI: PCI Interrupt Link [LNKC] (IRQs 5 *9 10 11)
[    0.600631] ACPI: PCI Interrupt Link [LNKD] (IRQs 5 9 10 *11)
[    0.605720] SCSI subsystem initialized
[    0.612135] pci 0000:00:02.0: vgaarb: setting as boot VGA device
[    0.616000] pci 0000:00:02.0: vgaarb: VGA device added: decodes=io+mem,owns=io+mem,locks=none
[    0.616017] pci 0000:00:02.0: vgaarb: bridge control possible
[    0.620009] vgaarb: loaded
[    0.624063] ACPI: bus type USB registered
[    0.627789] usbcore: registered new interface driver usbfs
[    0.628044] usbcore: registered new interface driver hub
[    0.632092] usbcore: registered new device driver usb
[    0.636251] EDAC MC: Ver: 3.0.0
[    0.641083] PCI: Using ACPI for IRQ routing
[    0.648997] NetLabel: Initializing
[    0.652012] NetLabel:  domain hash size = 128
[    0.656009] NetLabel:  protocols = UNLABELED CIPSOv4 CALIPSO
[    0.660146] NetLabel:  unlabeled traffic allowed by default
[    0.664356] clocksource: Switched to clocksource kvm-clock
[    0.788960] VFS: Disk quotas dquot_6.6.0
[    0.792534] VFS: Dquot-cache hash table entries: 512 (order 0, 4096 bytes)
[    0.801151] AppArmor: AppArmor Filesystem Enabled
[    0.804790] pnp: PnP ACPI init
[    0.814257] pnp: PnP ACPI: found 3 devices
[    0.838689] clocksource: acpi_pm: mask: 0xffffff max_cycles: 0xffffff, max_idle_ns: 2085701024 ns
[    0.847267] NET: Registered protocol family 2
[    0.874946] TCP established hash table entries: 8192 (order: 4, 65536 bytes)
[    0.883215] TCP bind hash table entries: 8192 (order: 5, 131072 bytes)
[    0.891236] TCP: Hash tables configured (established 8192 bind 8192)
[    0.899594] UDP hash table entries: 512 (order: 2, 16384 bytes)
[    0.906542] UDP-Lite hash table entries: 512 (order: 2, 16384 bytes)
[    0.913425] NET: Registered protocol family 1
[    0.919078] pci 0000:00:00.0: Limiting direct PCI/PCI transfers
[    0.926043] pci 0000:00:01.0: Activating ISA DMA hang workarounds
[    0.933217] pci 0000:00:02.0: Video device with shadowed ROM at [mem 0x000c0000-0x000dffff]
[    0.941586] Unpacking initramfs...
[    3.284683] Freeing initrd memory: 19144K
[    3.296766] clocksource: tsc: mask: 0xffffffffffffffff max_cycles: 0x26d43bb7f27, max_idle_ns: 440795270902 ns
[    3.313325] platform rtc_cmos: registered platform RTC device (no PNP device found)
[    3.326205] Scanning for low memory corruption every 60 seconds
[    3.341065] Initialise system trusted keyrings
[    3.348690] Key type blacklist registered
[    3.355511] workingset: timestamp_bits=36 max_order=18 bucket_order=0
[    3.379821] zbud: loaded
[    3.396164] squashfs: version 4.0 (2009/01/31) Phillip Lougher
[    3.407566] fuse init (API version 7.26)
[    3.428874] Key type asymmetric registered
[    3.435929] Asymmetric key parser 'x509' registered
[    3.445155] Block layer SCSI generic (bsg) driver version 0.4 loaded (major 246)
[    3.457908] io scheduler noop registered
[    3.463741] io scheduler deadline registered
[    3.470696] io scheduler cfq registered (default)
[    3.480728] ACPI: AC Adapter [AC] (on-line)
[    3.488899] input: Power Button as /devices/LNXSYSTM:00/LNXPWRBN:00/input/input0
[    3.508167] ACPI: Power Button [PWRF]
[    3.515315] input: Sleep Button as /devices/LNXSYSTM:00/LNXSLPBN:00/input/input1
[    3.526550] ACPI: Sleep Button [SLPF]
[    3.536868] Serial: 8250/16550 driver, 32 ports, IRQ sharing enabled
[    3.546069] ACPI: Battery Slot [BAT0] (battery present)
[    3.579013] 00:02: ttyS0 at I/O 0x3f8 (irq = 4, base_baud = 115200) is a 16550A
[    3.607784] Linux agpgart interface v0.103
[    3.624520] loop: module loaded
[    3.633502] scsi host0: ata_piix
[    3.640475] scsi host1: ata_piix
[    3.644446] ata1: PATA max UDMA/33 cmd 0x1f0 ctl 0x3f6 bmdma 0xd000 irq 14
[    3.658038] ata2: PATA max UDMA/33 cmd 0x170 ctl 0x376 bmdma 0xd008 irq 15
[    3.669055] libphy: Fixed MDIO Bus: probed
[    3.691347] tun: Universal TUN/TAP device driver, 1.6
[    3.706850] PPP generic driver version 2.4.2
[    3.721621] ehci_hcd: USB 2.0 'Enhanced' Host Controller (EHCI) Driver
[    3.736552] ehci-pci: EHCI PCI platform driver
[    3.747469] ehci-platform: EHCI generic platform driver
[    3.760926] ohci_hcd: USB 1.1 'Open' Host Controller (OHCI) Driver
[    3.769937] ohci-pci: OHCI PCI platform driver
[    3.776131] ohci-platform: OHCI generic platform driver
[    3.783095] uhci_hcd: USB Universal Host Controller Interface driver
[    3.791513] i8042: PNP: PS/2 Controller [PNP0303:PS2K,PNP0f03:PS2M] at 0x60,0x64 irq 1,12
[    3.805499] serio: i8042 KBD port at 0x60,0x64 irq 1
[    3.816103] serio: i8042 AUX port at 0x60,0x64 irq 12
[    3.829407] mousedev: PS/2 mouse device common for all mice
[    3.838840] input: AT Translated Set 2 keyboard as /devices/platform/i8042/serio0/input/input2
[    3.851846] rtc_cmos rtc_cmos: rtc core: registered rtc_cmos as rtc0
[    3.861228] rtc_cmos rtc_cmos: alarms up to one day, 114 bytes nvram
[    3.869351] i2c /dev entries driver
[    3.874614] device-mapper: uevent: version 1.0.3
[    3.881151] device-mapper: ioctl: 4.37.0-ioctl (2017-09-20) initialised: dm-devel@redhat.com
[    3.892547] ledtrig-cpu: registered to indicate activity on CPUs
[    3.903408] NET: Registered protocol family 10
[    3.935485] Segment Routing with IPv6
[    3.944488] NET: Registered protocol family 17
[    3.950924] Key type dns_resolver registered
[    3.957622] mce: Using 0 MCE banks
[    3.962737] RAS: Correctable Errors collector initialized.
[    3.969989] sched_clock: Marking stable (3969927171, 0)->(5169532844, -1199605673)
[    3.982196] registered taskstats version 1
[    3.987987] Loading compiled-in X.509 certificates
[    4.009509] Loaded X.509 cert 'Build time autogenerated kernel key: ff1b14b29a8b0fad041e56b58c2af39eda0766ce'
[    4.022326] zswap: loaded using pool lzo/zbud
[    4.054147] Key type big_key registered
[    4.060379] Key type trusted registered
[    4.076916] Key type encrypted registered
[    4.082515] AppArmor: AppArmor sha1 policy hashing enabled
[    4.089817] ima: No TPM chip found, activating TPM-bypass! (rc=-19)
[    4.098215] ima: Allocated hash algorithm: sha1
[    4.104510] evm: HMAC attrs: 0x1
[    4.110762]   Magic number: 3:664:746
[    4.116925] rtc_cmos rtc_cmos: setting system clock to 2019-09-14 18:42:34 UTC (1568486554)
[    4.128550] BIOS EDD facility v0.16 2004-Jun-25, 0 devices found
[    4.136506] EDD information not available.
[    4.193091] Freeing unused kernel image memory: 2436K
[    4.208658] Write protecting the kernel read-only data: 20480k
[    4.221243] Freeing unused kernel image memory: 2008K
[    4.229927] Freeing unused kernel image memory: 1972K
[    4.384664] x86/mm: Checked W+X mappings: passed, no W+X pages found.
[    4.392932] x86/mm: Checking user space page tables
[    4.542115] x86/mm: Checked W+X mappings: passed, no W+X pages found.
Loading, please wait...
starting version 237
[    5.132645] e1000: Intel(R) PRO/1000 Network Driver - version 7.3.21-k8-NAPI
[    5.144505] e1000: Copyright (c) 1999-2006 Intel Corporation.
[    5.177390] Fusion MPT base driver 3.04.20
[    5.185193] Copyright (c) 1999-2008 LSI Corporation
[    5.341581] Fusion MPT SPI Host driver 3.04.20
[    5.358135] AVX2 version of gcm_enc/dec engaged.
[    5.373653] AES CTR mode by8 optimization enabled
[    5.426000] input: ImExPS/2 Generic Explorer Mouse as /devices/platform/i8042/serio1/input/input4
[    6.358404] e1000 0000:00:03.0 eth0: (PCI:33MHz:32-bit) 02:58:b4:75:71:38
[    6.366847] e1000 0000:00:03.0 eth0: Intel(R) PRO/1000 Network Connection
[    7.343304] e1000 0000:00:08.0 eth1: (PCI:33MHz:32-bit) 08:00:27:bd:5a:9c
[    7.358422] e1000 0000:00:08.0 eth1: Intel(R) PRO/1000 Network Connection
[    7.381045] e1000 0000:00:03.0 enp0s3: renamed from eth0
[    7.397649] mptbase: ioc0: Initiating bringup
[    7.423763] e1000 0000:00:08.0 enp0s8: renamed from eth1
[    7.514492] ioc0: LSI53C1030 A0: Capabilities={Initiator}
[    7.778559] scsi host2: ioc0: LSI53C1030 A0, FwRev=00000000h, Ports=1, MaxQ=256, IRQ=20
[    7.968497] scsi 2:0:0:0: Direct-Access     VBOX     HARDDISK         1.0  PQ: 0 ANSI: 5
[    8.259168] scsi target2:0:0: Beginning Domain Validation
[    8.272566] scsi target2:0:0: Domain Validation skipping write tests
[    8.280447] scsi target2:0:0: Ending Domain Validation
[    8.287304] random: fast init done
[    8.291968] scsi target2:0:0: asynchronous
[    8.302346] scsi 2:0:1:0: Direct-Access     VBOX     HARDDISK         1.0  PQ: 0 ANSI: 5
[    8.455374] scsi target2:0:1: Beginning Domain Validation
[    8.468562] scsi target2:0:1: Domain Validation skipping write tests
[    8.476540] scsi target2:0:1: Ending Domain Validation
[    8.483466] scsi target2:0:1: asynchronous
[    8.518426] random: systemd-udevd: uninitialized urandom read (16 bytes read)
[    8.541139] sd 2:0:0:0: [sda] 20971520 512-byte logical blocks: (10.7 GB/10.0 GiB)
[    8.554005] random: systemd-udevd: uninitialized urandom read (16 bytes read)
[    8.554143] sd 2:0:0:0: Attached scsi generic sg0 type 0
[    8.565891] random: systemd-udevd: uninitialized urandom read (16 bytes read)
[    8.588452] sd 2:0:1:0: Attached scsi generic sg1 type 0
[    8.589404] sd 2:0:0:0: [sda] Write Protect is off
[    8.601244] sd 2:0:1:0: [sdb] 20480 512-byte logical blocks: (10.5 MB/10.0 MiB)
[    8.626351] sd 2:0:1:0: [sdb] Write Protect is off
[    8.642887] sd 2:0:0:0: [sda] Incomplete mode parameter data
[    8.643441] sd 2:0:1:0: [sdb] Incomplete mode parameter data
[    8.654360] sd 2:0:0:0: [sda] Assuming drive cache: write through
[    8.678102] sd 2:0:1:0: [sdb] Assuming drive cache: write through
[    8.692736] sd 2:0:1:0: [sdb] Attached SCSI disk
[    8.714425]  sda: sda1
[    8.723456] sd 2:0:0:0: [sda] Attached SCSI disk
Begin: Loading essential drivers ... [   14.432078] raid6: sse2x1   gen()   608 MB/s
[   14.488614] raid6: sse2x1   xor()   414 MB/s
[   14.536515] raid6: sse2x2   gen()  1341 MB/s
[   14.588439] raid6: sse2x2   xor()   610 MB/s
[   14.640186] raid6: sse2x4   gen()  1602 MB/s
[   14.696310] raid6: sse2x4   xor()   883 MB/s
[   14.744193] raid6: avx2x1   gen()  1213 MB/s
[   14.796586] raid6: avx2x1   xor()   632 MB/s
[   14.848805] raid6: avx2x2   gen()  2419 MB/s
[   14.900208] raid6: avx2x2   xor()  1081 MB/s
[   14.952331] raid6: avx2x4   gen()  2672 MB/s
[   15.004248] raid6: avx2x4   xor()  1515 MB/s
[   15.010031] raid6: using algorithm avx2x4 gen() 2672 MB/s
[   15.017172] raid6: .... xor() 1515 MB/s, rmw enabled
[   15.024484] raid6: using avx2x2 recovery algorithm
[   15.040498] xor: automatically using best checksumming function   avx       
[   15.061160] async_tx: api initialized (async)
done.
Begin: Running /scripts/init-premount ... done.
Begin: Mounting root file system ... Begin: Running /scripts/local-top ... done.
Begin: Running /scripts/local-premount ... [   15.505188] Btrfs loaded, crc32c=crc32c-intel
Scanning for Btrfs filesystems
done.
Warning: fsck not present, so skipping root file system
[   15.660774] EXT4-fs (sda1): mounted filesystem with ordered data mode. Opts: (null)
done.
Begin: Running /scripts/local-bottom ... done.
Begin: Running /scripts/init-bottom ... done.
[   16.273813] ip_tables: (C) 2000-2006 Netfilter Core Team
[   16.325288] systemd[1]: systemd 237 running in system mode. (+PAM +AUDIT +SELINUX +IMA +APPARMOR +SMACK +SYSVINIT +UTMP +LIBCRYPTSETUP +GCRYPT +GNUTLS +ACL +XZ +LZ4 +SECCOMP +BLKID +ELFUTILS +KMOD -IDN2 +IDN -PCRE2 default-hierarchy=hybrid)
[   16.355769] systemd[1]: Detected virtualization oracle.
[   16.364353] systemd[1]: Detected architecture x86-64.

Welcome to [1mUbuntu 18.04.3 LTS[0m!

[   16.410443] systemd[1]: Set hostname to <ubuntu>.
[   16.433008] systemd[1]: Initializing machine ID from random generator.
[   16.444423] systemd[1]: Installed transient /etc/machine-id file.
[   17.432014] systemd[1]: Reached target Swap.
[[0;32m  OK  [0m] Reached target Swap.
[   17.441496] systemd[1]: Reached target User and Group Name Lookups.
[[0;32m  OK  [0m] Reached target User and Group Name Lookups.
[   17.454758] systemd[1]: Set up automount Arbitrary Executable File Formats File System Automount Point.
[[0;32m  OK  [0m] Set up automount Arbitrary Executab…rmats File System Automount Point.
[   17.483547] systemd[1]: Created slice System Slice.
[[0;32m  OK  [0m] Created slice System Slice.
[[0;32m  OK  [0m] Listening on Syslog Socket.
[[0;32m  OK  [0m] Created slice system-serial\x2dgetty.slice.
[[0;32m  OK  [0m] Listening on /dev/initctl Compatibility Named Pipe.
[[0;32m  OK  [0m] Listening on Device-mapper event daemon FIFOs.
[[0;32m  OK  [0m] Listening on LVM2 poll daemon socket.
[[0;32m  OK  [0m] Listening on Network Service Netlink Socket.
[[0;32m  OK  [0m] Listening on udev Control Socket.
[[0;32m  OK  [0m] Listening on LVM2 metadata daemon socket.
[[0;32m  OK  [0m] Listening on Journal Socket (/dev/log).
[[0;32m  OK  [0m] Listening on udev Kernel Socket.
[[0;32m  OK  [0m] Reached target System Time Synchronized.
[[0;32m  OK  [0m] Listening on Journal Socket.
         Starting Load Kernel Modules...
         Starting Monitoring of LVM2 mirrors…ng dmeventd or progress polling...
         Starting Create list of required st…ce nodes for the current kernel...
         Mounting Huge Pages File System...
         Starting Set the console keyboard layout...
         Starting udev Coldplug all Devices...
         Mounting Kernel Debug File System...
[   17.669397] Loading iSCSI transport class v2.0-870.
         Starting Uncomplicated firewall...
         Mounting POSIX Message Queue File System...
[[0;32m  OK  [0m] Started Forward Password Requests to Wall Directory Watch.
         Starting Remount Root and Kernel File Systems...
[[0;32m  OK  [0m] Listening on Journal Audit Socket.
         Starting Journal Service...
[[0;32m  OK  [0m] Created slice User and Session Slice.
[[0;32m  OK  [0m] Reached target Slices.
[[0;32m  OK  [0m] Started Create list of required sta…vice nodes for the current kernel.
[[0;32m  OK  [0m] Mounted Huge Pages File System.
[[0;32m  OK  [0m] Mounted Kernel Debug File System.
[[0;32m  OK  [0m] Mounted POSIX Message Queue File System.
         Starting Create Static Device Nodes in /dev...
[[0;32m  OK  [0m] Started Uncomplicated firewall.
[   17.978368] iscsi: registered transport (tcp)
[   17.990091] EXT4-fs (sda1): re-mounted. Opts: (null)
[[0;32m  OK  [0m] Started Remount Root and Kernel File Systems.
         Starting Load/Save Random Seed...
[   18.120366] random: crng init done
[   18.126718] random: 7 urandom warning(s) missed due to ratelimiting
[[0;32m  OK  [0m] Started Create Static Device Nodes in /dev.
         Starting udev Kernel Device Manager...
[[0;32m  OK  [0m] Started Load/Save Random Seed.
[[0;32m  OK  [0m] Started LVM2 metadata daemon.
[[0;32m  OK  [0m] Started Monitoring of LVM2 mirrors,…sing dmeventd or progress polling.
[[0;32m  OK  [0m] Started udev Kernel Device Manager.
[   18.644555] iscsi: registered transport (iser)
[[0;32m  OK  [0m] Started Load Kernel Modules.
         Mounting FUSE Control File System...
         Starting Apply Kernel Variables...
         Mounting Kernel Configuration File System...
[[0;32m  OK  [0m] Mounted FUSE Control File System.
[[0;32m  OK  [0m] Mounted Kernel Configuration File System.
[[0;32m  OK  [0m] Started Apply Kernel Variables.
[[0;32m  OK  [0m] Started Journal Service.
         Starting Flush Journal to Persistent Storage...
[[0;32m  OK  [0m] Started udev Coldplug all Devices.
[[0;32m  OK  [0m] Started Flush Journal to Persistent Storage.
[[0;32m  OK  [0m] Found device /dev/ttyS0.
[[0;32m  OK  [0m] Listening on Load/Save RF Kill Switch Status /dev/rfkill Watch.
[[0;32m  OK  [0m] Started Set the console keyboard layout.
[[0;32m  OK  [0m] Started Dispatch Password Requests to Console Directory Watch.
[[0;32m  OK  [0m] Reached target Local Encrypted Volumes.
[[0;32m  OK  [0m] Reached target Local File Systems (Pre).
[[0;32m  OK  [0m] Reached target Local File Systems.
         Starting Create Volatile Files and Directories...
         Starting AppArmor initialization...
         Starting ebtables ruleset management...
         Starting Tell Plymouth To Write Out Runtime Data...
         Starting Set console font and keymap...
         Starting Commit a transient machine-id on disk...
[[0;32m  OK  [0m] Started Tell Plymouth To Write Out Runtime Data.
[[0;32m  OK  [0m] Started Set console font and keymap.
[[0;32m  OK  [0m] Started Create Volatile Files and Directories.
[[0;32m  OK  [0m] Started Commit a transient machine-id on disk.
         Starting Update UTMP about System Boot/Shutdown...
[[0;32m  OK  [0m] Started Update UTMP about System Boot/Shutdown.
[[0;32m  OK  [0m] Started ebtables ruleset management.
[[0m[0;31m*     [0m] A start job is running for AppArmor initialization (13s / no limit)[K[[0;1;31m*[0m[0;31m*    [0m] A start job is running for AppArmor initialization (13s / no limit)[K[[0;31m*[0;1;31m*[0m[0;31m*   [0m] A start job is running for AppArmor initialization (14s / no limit)[K[ [0;31m*[0;1;31m*[0m[0;31m*  [0m] A start job is running for AppArmor initialization (14s / no limit)[K[  [0;31m*[0;1;31m*[0m[0;31m* [0m] A start job is running for AppArmor initialization (15s / no limit)[K[[0;32m  OK  [0m] Started AppArmor initialization.
         Starting Initial cloud-init job (pre-networking)...
[   40.571344] cloud-init[579]: Cloud-init v. 19.2-24-ge7881d5c-0ubuntu1~18.04.1 running 'init-local' at Sat, 14 Sep 2019 18:43:08 +0000. Up 37.70 seconds.
[[0;32m  OK  [0m] Started Initial cloud-init job (pre-networking).
[[0;32m  OK  [0m] Reached target Network (Pre).
         Starting Network Service...
[[0;32m  OK  [0m] Started Network Service.
         Starting Wait for Network to be Configured...
         Starting Network Name Resolution...
[[0;32m  OK  [0m] Started Network Name Resolution.
[[0;32m  OK  [0m] Reached target Host and Network Name Lookups.
[[0;32m  OK  [0m] Reached target Network.
[[0;32m  OK  [0m] Started Wait for Network to be Configured.
         Starting Initial cloud-init job (metadata service crawler)...
[   47.954769] cloud-init[674]: Cloud-init v. 19.2-24-ge7881d5c-0ubuntu1~18.04.1 running 'init' at Sat, 14 Sep 2019 18:43:16 +0000. Up 46.33 seconds.
[   47.973456] cloud-init[674]: ci-info: ++++++++++++++++++++++++++++++++++++++Net device info+++++++++++++++++++++++++++++++++++++++
[   47.987274] cloud-init[674]: ci-info: +--------+-------+----------------------------+---------------+--------+-------------------+
[   48.001087] cloud-init[674]: ci-info: | Device |   Up  |          Address           |      Mask     | Scope  |     Hw-Address    |
[   48.021727] cloud-init[674]: ci-info: +--------+-------+----------------------------+---------------+--------+-------------------+
[   48.038138] cloud-init[674]: ci-info: | enp0s3 |  True |         10.0.2.15          | 255.255.255.0 | global | 02:58:b4:75:71:38 |
[   48.051234] cloud-init[674]: ci-info: | enp0s3 |  True | fe80::58:b4ff:fe75:7138/64 |       .       |  link  | 02:58:b4:75:71:38 |
[   48.065096] cloud-init[674]: ci-info: | enp0s8 | False |             .              |       .       |   .    | 08:00:27:bd:5a:9c |
[   48.081623] cloud-init[674]: ci-info: |   lo   |  True |         127.0.0.1          |   255.0.0.0   |  host  |         .         |
[   48.097204] cloud-init[674]: ci-info: |   lo   |  True |          ::1/128           |       .       |  host  |         .         |
[   48.120990] cloud-init[674]: ci-info: +--------+-------+----------------------------+---------------+--------+-------------------+
[   48.141207] cloud-init[674]: ci-info: ++++++++++++++++++++++++++++Route IPv4 info+++++++++++++++++++++++++++++
[   48.150856] cloud-init[674]: ci-info: +-------+-------------+----------+-----------------+-----------+-------+
[   48.160905] cloud-init[674]: ci-info: | Route | Destination | Gateway  |     Genmask     | Interface | Flags |
[   48.171679] cloud-init[674]: ci-info: +-------+-------------+----------+-----------------+-----------+-------+
[   48.184492] cloud-init[674]: ci-info: |   0   |   0.0.0.0   | 10.0.2.2 |     0.0.0.0     |   enp0s3  |   UG  |
[   48.202132] cloud-init[674]: ci-info: |   1   |   10.0.2.0  | 0.0.0.0  |  255.255.255.0  |   enp0s3  |   U   |
[   48.217523] cloud-init[674]: ci-info: |   2   |   10.0.2.2  | 0.0.0.0  | 255.255.255.255 |   enp0s3  |   UH  |
[   48.249003] cloud-init[674]: ci-info: +-------+-------------+----------+-----------------+-----------+-------+
[   48.260846] cloud-init[674]: ci-info: +++++++++++++++++++Route IPv6 info+++++++++++++++++++
[   48.272177] cloud-init[674]: ci-info: +-------+-------------+---------+-----------+-------+
[   48.282793] cloud-init[674]: ci-info: | Route | Destination | Gateway | Interface | Flags |
[   48.293842] cloud-init[674]: ci-info: +-------+-------------+---------+-----------+-------+
[   48.306941] cloud-init[674]: ci-info: |   1   |  fe80::/64  |    ::   |   enp0s3  |   U   |
[   48.319965] cloud-init[674]: ci-info: |   3   |    local    |    ::   |   enp0s3  |   U   |
[   48.332134] cloud-init[674]: ci-info: |   4   |   ff00::/8  |    ::   |   enp0s3  |   U   |
[   48.344799] cloud-init[674]: ci-info: +-------+-------------+---------+-----------+-------+
[   51.082172] cloud-init[674]: Generating public/private rsa key pair.
[   51.093982] cloud-init[674]: Your identification has been saved in /etc/ssh/ssh_host_rsa_key.
[   51.105022] cloud-init[674]: Your public key has been saved in /etc/ssh/ssh_host_rsa_key.pub.
[   51.115180] cloud-init[674]: The key fingerprint is:
[   51.122378] cloud-init[674]: SHA256:4Dg9dRyyTzQXU0/jeHfqw5Enq8CehLwDeujKga7l5Xc root@ubuntu-bionic
[   51.135704] cloud-init[674]: The key's randomart image is:
[   51.143311] cloud-init[674]: +---[RSA 2048]----+
[   51.150477] cloud-init[674]: |        . + +o...|
[   51.155576] cloud-init[674]: |         = + .oo.|
[   51.162624] cloud-init[674]: |      . o +  . o+|
[   51.169076] cloud-init[674]: |     + o +    .oo|
[   51.178543] cloud-init[674]: |    o + S .   = .|
[   51.196922] cloud-init[674]: | .   ..o o   o = |
[   51.210404] cloud-init[674]: |. o .o .o +   =  |
[   51.233683] cloud-init[674]: |.+ +o o E+ o . . |
[   51.243527] cloud-init[674]: |o.+ooo ...o .    |
[   51.249668] cloud-init[674]: +----[SHA256]-----+
[   51.254385] cloud-init[674]: Generating public/private dsa key pair.
[   51.261263] cloud-init[674]: Your identification has been saved in /etc/ssh/ssh_host_dsa_key.
[   51.269457] cloud-init[674]: Your public key has been saved in /etc/ssh/ssh_host_dsa_key.pub.
[   51.288805] cloud-init[674]: The key fingerprint is:
[   51.293278] cloud-init[674]: SHA256:VvN/VI/LYIydrddpXV9JOfs+Sglm9jxSCV7dGl+AfFA root@ubuntu-bionic
[   51.302687] cloud-init[674]: The key's randomart image is:
[   51.309737] cloud-init[674]: +---[DSA 1024]----+
[   51.317297] cloud-init[674]: |           ..+E  |
[   51.332708] cloud-init[674]: |            o o.o|
[   51.339473] cloud-init[674]: |          o. o.=+|
[   51.345905] cloud-init[674]: |         ..*ooo=B|
[   51.351058] cloud-init[674]: |        S .*Bo+o*|
[   51.356062] cloud-init[674]: |       .  +.==.+B|
[   51.364733] cloud-init[674]: |           ..*=o*|
[   51.370861] cloud-init[674]: |            o.o+ |
[   51.378672] cloud-init[674]: |             .. o|
[   51.386306] cloud-init[674]: +----[SHA256]-----+
[   51.391665] cloud-init[674]: Generating public/private ecdsa key pair.
[   51.398257] cloud-init[674]: Your identification has been saved in /etc/ssh/ssh_host_ecdsa_key.
[   51.417966] cloud-init[674]: Your public key has been saved in /etc/ssh/ssh_host_ecdsa_key.pub.
[   51.429433] cloud-init[674]: The key fingerprint is:
[   51.436069] cloud-init[674]: SHA256:K+ApdWe0fVV5kYXntzUKWGEElo+WcEpWuk73+AKrP1w root@ubuntu-bionic
[   51.446829] cloud-init[674]: The key's randomart image is:
[   51.464580] cloud-init[674]: +---[ECDSA 256]---+
[   51.476192] cloud-init[674]: |        .+++.  oB|
[   51.485742] cloud-init[674]: |       +oo..  .+o|
[   51.493489] cloud-init[674]: |      o.= *   .o.|
[   51.508777] cloud-init[674]: |       o.B o . .+|
[   51.513871] cloud-init[674]: |    o .oS.. o . =|
[   51.526519] cloud-init[674]: |   o +o+.Eo. . . |
[   51.531651] cloud-init[674]: |  . o o.=. .     |
[   51.536678] cloud-init[674]: |   .   = ..      |
[[0;32m  OK  [0m] Started Initial cloud-init job (metadata service crawler).
[   51.552414] cloud-init[674]: |     .o.. ..     |
[   51.561892] cloud-init[674]: +----[SHA256]-----+
[   51.567196] cloud-init[674]: Generating public/private ed25519 key pair.
[   51.585078] cloud-init[674]: Your identification has been saved in /etc/ssh/ssh_host_ed25519_key.
[[0;32m  OK  [0m[   51.597093] cloud-init[674]: Your public key has been saved in /etc/ssh/ssh_host_ed25519_key.pub.
[   51.598698] cloud-init[674]: The key fingerprint is:] Reached target Cloud-config availability.

[   51.621827] cloud-init[674]: SHA256:qEeD3C4+vPIlu3qtNSbBZo35K5LRduu5i/P2T3tHmG0 root@ubuntu-bionic
[[   51.631694] cloud-init[674]: The key's randomart image is:
[0;32m  OK  [0m] [   51.642935] cloud-init[674]: +--[ED25519 256]--+
[   51.645632] cloud-init[674]: |                 |Reached target Network is Online.

[   51.660788] cloud-init[674]: |                 |
[   51.664899] cloud-init[674]: |                 |
[   51.665305] cloud-init[674]: |   o * .         |
[   51.668472] cloud-init[674]: |   .X * S    +   |
[   51.677159] cloud-init[674]: |  .oo*..    o E  |
[   51.677613] cloud-init[674]: |   ==oO.  .  o   |
[   51.681217] cloud-init[674]: |  +.*@++ . .. .  |
[   51.684408] cloud-init[674]: |  .*O@B+..o. .   |
[   51.688277] cloud-init[674]: +----[SHA256]-----+
[[0;32m  OK  [0m] Reached target Remote File Systems (Pre).
[[0;32m  OK  [0m] Reached target Remote File Systems.
         Starting Availability of block devices...
[[0;32m  OK  [0m] Reached target System Initialization.
[[0;32m  OK  [0m] Started Discard unused blocks once a week.
[[0;32m  OK  [0m] Started Message of the Day.
[[0;32m  OK  [0m] Listening on Open-iSCSI iscsid Socket.
[[0;32m  OK  [0m] Started Daily apt download activities.
[[0;32m  OK  [0m] Listening on D-Bus System Message Bus Socket.
[[0;32m  OK  [0m] Started Daily Cleanup of Temporary Directories.
         Starting Socket activation for snappy daemon.
[[0;32m  OK  [0m] Started Daily apt upgrade and clean activities.
[[0;32m  OK  [0m] Reached target Timers.
[[0;32m  OK  [0m] Started ACPI Events Check.
[[0;32m  OK  [0m] Reached target Paths.
         Starting LXD - unix socket.
[[0;32m  OK  [0m] Listening on UUID daemon activation socket.
[[0;32m  OK  [0m] Listening on ACPID Listen Socket.
[[0;32m  OK  [0m] Started Availability of block devices.
[[0;32m  OK  [0m] Listening on Socket activation for snappy daemon.
[[0;32m  OK  [0m] Listening on LXD - unix socket.
[[0;32m  OK  [0m] Reached target Sockets.
[[0;32m  OK  [0m] Reached target Basic System.
         Starting Permit User Sessions...
[[0;32m  OK  [0m] Started Deferred execution scheduler.
[[0;32m  OK  [0m] Started Regular background program processing daemon.
[[0;32m  OK  [0m] Started irqbalance daemon.
         Starting Pollinate to seed the pseudo random number generator...
         Starting Dispatcher daemon for systemd-networkd...
         Starting Login Service...
         Starting Virtualbox guest utils...
[[0;32m  OK  [0m] Started FUSE filesystem for LXC.
         Starting Accounts Service...
[[0;32m  OK  [0m] Started D-Bus System Message Bus.
         Starting LSB: automatic crash report generation...
         Starting Snappy daemon...
         Starting System Logging Service...
         Starting LSB: Record successful boot for GRUB...
         Starting LXD - container startup/shutdown...
[[0;32m  OK  [0m] Started Permit User Sessions.
         Starting Hold until boot process finishes up...
         Starting Terminate Plymouth Boot Screen...
[[0;32m  OK  [0m] Started Hold until boot process finishes up.
[[0;32m  OK  [0m] Started Terminate Plymouth Boot Screen.
[[0;32m  OK  [0m] Started Serial Getty on ttyS0.
         Starting Set console scheme...
         Starting Authorization Manager...
[[0;32m  OK  [0m] Started System Logging Service.
[[0;32m  OK  [0m] Started Set console scheme.
[[0;32m  OK  [0m] Created slice system-getty.slice.
[[0;32m  OK  [0m] Started Getty on tty1.
[[0;32m  OK  [0m] Reached target Login Prompts.
[[0;32m  OK  [0m] Started LSB: Record successful boot for GRUB.
[[0;32m  OK  [0m] Started LSB: automatic crash report generation.
[[0;32m  OK  [0m] Started Login Service.
[[0;32m  OK  [0m] Started Unattended Upgrades Shutdown.
[[0;32m  OK  [0m] Started Virtualbox guest utils.
[[0;32m  OK  [0m] Started Authorization Manager.
[[0;32m  OK  [0m] Started Accounts Service.
[[0;32m  OK  [0m] Started LXD - container startup/shutdown.
[[0;32m  OK  [0m] Started Dispatcher daemon for systemd-networkd.
[[0;32m  OK  [0m] Started Snappy daemon.
         Starting Wait until snapd is fully seeded...

Ubuntu 18.04.3 LTS ubuntu-bionic ttyS0

ubuntu-bionic login: [   78.810660] cloud-init[1160]: Cloud-init v. 19.2-24-ge7881d5c-0ubuntu1~18.04.1 running 'modules:config' at Sat, 14 Sep 2019 18:43:47 +0000. Up 76.87 seconds.
ci-info: no authorized ssh keys fingerprints found for user ubuntu.
<14>Sep 14 18:43:51 ec2: 
<14>Sep 14 18:43:51 ec2: #############################################################
<14>Sep 14 18:43:51 ec2: -----BEGIN SSH HOST KEY FINGERPRINTS-----
<14>Sep 14 18:43:51 ec2: 1024 SHA256:VvN/VI/LYIydrddpXV9JOfs+Sglm9jxSCV7dGl+AfFA root@ubuntu-bionic (DSA)
<14>Sep 14 18:43:51 ec2: 256 SHA256:K+ApdWe0fVV5kYXntzUKWGEElo+WcEpWuk73+AKrP1w root@ubuntu-bionic (ECDSA)
<14>Sep 14 18:43:51 ec2: 256 SHA256:qEeD3C4+vPIlu3qtNSbBZo35K5LRduu5i/P2T3tHmG0 root@ubuntu-bionic (ED25519)
<14>Sep 14 18:43:51 ec2: 2048 SHA256:4Dg9dRyyTzQXU0/jeHfqw5Enq8CehLwDeujKga7l5Xc root@ubuntu-bionic (RSA)
<14>Sep 14 18:43:51 ec2: -----END SSH HOST KEY FINGERPRINTS-----
<14>Sep 14 18:43:51 ec2: #############################################################
-----BEGIN SSH HOST KEY KEYS-----
ecdsa-sha2-nistp256 AAAAE2VjZHNhLXNoYTItbmlzdHAyNTYAAAAIbmlzdHAyNTYAAABBBK7QVzT0DOxPrS6zesbotCr/+QM0k2EUUa35l3VLi7kttX5jMp9Q0zcotkirH2AEWDxU1ZdvysAl2D09aOYWlBM= root@ubuntu-bionic
ssh-ed25519 AAAAC3NzaC1lZDI1NTE5AAAAIEYrBS7Bo1epyRfsDUQeDm4x9PlR5LbjyxYceh6aIml+ root@ubuntu-bionic
ssh-rsa AAAAB3NzaC1yc2EAAAADAQABAAABAQDAYgaxlQqBTwfH5whoaB+ajj0ESkHDWkw1QljSQ5LwrOtcogC7SmU6Jffa2t0bhHJHHVBVL1PyyETeJABj/pbVGVPf9ffcH2/DqN4ui3HjzN4TCf2nLXykryBWs83uQ1J0lRQ6Y8L1JO71qDbrEUiJC2TF9D/9uPzeo1OFF2h35WZEqDqekhqy4LfTo99hCgi7uSkFB9cp9rMc3wHubFad408sbJXxAjXo+7ZS+zWh22jt6HdOgAdODex8VQ4gI12FLHO3cj4IxonD2bdDR6aFY9eBqWNHVguZLKIlV7fctcLG8faoQR442EcJDLi/ie3vQ0fhAiw/Gm03Dwf5lFDZ root@ubuntu-bionic
-----END SSH HOST KEY KEYS-----
[   81.541167] cloud-init[1200]: Cloud-init v. 19.2-24-ge7881d5c-0ubuntu1~18.04.1 running 'modules:final' at Sat, 14 Sep 2019 18:43:51 +0000. Up 80.91 seconds.
[   81.541477] cloud-init[1200]: ci-info: no authorized ssh keys fingerprints found for user ubuntu.
[   81.546388] cloud-init[1200]: Cloud-init v. 19.2-24-ge7881d5c-0ubuntu1~18.04.1 finished at Sat, 14 Sep 2019 18:43:51 +0000. Datasource DataSourceNoCloud [seed=/dev/sdb][dsmode=net].  Up 81.51 seconds
         Stopping Session 3 of user vagrant.
         Stopping User Manager for UID 1000...
[[0;32m  OK  [0m] Stopped target Timers.
[[0;32m  OK  [0m] Stopped Discard unused blocks once a week.
[[0;32m  OK  [0m] Stopped Daily Cleanup of Temporary Directories.
[[0;32m  OK  [0m] Stopped target Host and Network Name Lookups.
[[0;32m  OK  [0m] Stopped target Cloud-init target.
[[0;32m  OK  [0m] Stopped Execute cloud user/final scripts.
[[0;32m  OK  [0m] Stopped Apply the settings specified in cloud-config.
[[0;32m  OK  [0m] Stopped target Cloud-config availability.
[[0;32m  OK  [0m] Stopped Daily apt upgrade and clean activities.
[[0;32m  OK  [0m] Stopped Daily apt download activities.
[[0;32m  OK  [0m] Stopped target Graphical Interface.
         Stopping Accounts Service...
[[0;32m  OK  [0m] Stopped target Multi-User System.
         Stopping LSB: Record successful boot for GRUB...
         Stopping D-Bus System Message Bus...
         Stopping Virtualbox guest utils...
[[0;32m  OK  [0m] Stopped Wait until snapd is fully seeded.
         Stopping LXD - container startup/shutdown...
         Stopping Regular background program processing daemon...
         Stopping LSB: automatic crash report generation...
[[0;32m  OK  [0m] Stopped target Login Prompts         Stopping Serial Getty on ttyS0...
         Stopping Getty on tty1...
         Stopping System Logging Service...
         Stopping Deferred execution scheduler...
         Stopping Unattended Upgrades Shutdown...
         Stopping Authorization Manager...
         Stopping Availability of block devices...
         Stopping irqbalance daemon...
[[0;32m  OK  [0m] Stopped Message of the Day.
[[0;32m  OK  [0m] Stopped target System Time Synchronized.
         Stopping Dispatcher daemon for systemd-networkd...
[[0;32m  OK  [0m] Stopped target Network is Online.
         Stopping FUSE filesystem for LXC...
[[0;32m  OK  [0m] Closed Load/Save RF Kill Switch Status /dev/rfkill Watch.
         Stopping OpenBSD Secure Shell server...
[[0;32m  OK  [0m] Unmounted /var/lib/lxcfs.
[[0;32m  OK  [0m] Stopped Deferred execution scheduler.
[[0;32m  OK  [0m] Stopped Regular background program processing daemon.
[[0;32m  OK  [0m] Stopped irqbalance daemon.
[[0;32m  OK  [0m] Stopped Dispatcher daemon for systemd-networkd.
[[0;32m  OK  [0m] Stopped Accounts Service.
[[0;32m  OK  [0m] Stopped System Logging Service.
[[0;32m  OK  [0m] Stopped Serial Getty on ttyS0.
[[0;32m  OK  [0m] Stopped Authorization Manager.
[[0;32m  OK  [0m] Stopped Getty on tty1.
[[0;32m  OK  [0m] Stopped OpenBSD Secure Shell server.
[[0;32m  OK  [0m] Stopped User Manager for UID 1000.
[[0;32m  OK  [0m] Stopped D-Bus System Message Bus.
[[0;32m  OK  [0m] Stopped FUSE filesystem for LXC.
[[0;32m  OK  [0m] Stopped Session 3 of user vagrant.
[[0;32m  OK  [0m] Stopped Unattended Upgrades Shutdown.
[[0;32m  OK  [0m] Stopped LXD - container startup/shutdown.
[[0;32m  OK  [0m] Stopped Availability of block devices.
[[0;32m  OK  [0m] Removed slice User Slice of vagrant.
         Stopping Login Service...
[[0;32m  OK  [0m] Removed slice system-getty.slice.
[[0;32m  OK  [0m] Removed slice system-serial\x2dgetty.slice.
         Stopping Permit User Sessions...
[[0;32m  OK  [0m] Stopped LSB: Record successful boot for GRUB.
[[0;32m  OK  [0m] Stopped Login Service.
[[0;32m  OK  [0m] Stopped Permit User Sessions.
[[0;32m  OK  [0m] Stopped target User and Group Name Lookups.
[[0;32m  OK  [0m] Stopped target Network.
         Stopping Network Name Resolution...
[[0;32m  OK  [0m] Stopped LSB: automatic crash report generation.
[[0;32m  OK  [0m] Stopped target Remote File Systems.
[[0;32m  OK  [0m] Stopped target Remote File Systems (Pre).
[[0;32m  OK  [0m] Stopped Network Name Resolution.
[[0;32m  OK  [0m] Stopped Virtualbox guest utils.
[[0;32m  OK  [0m] Stopped target Basic System.
[[0;32m  OK  [0m] Stopped target Slices.
[[0;32m  OK  [0m] Removed slice User and Session Slice.
[[0;32m  OK  [0m] Stopped target Paths.
[[0;32m  OK  [0m] Stopped ACPI Events Check.
[[0;32m  OK  [0m] Stopped target Sockets.
[[0;32m  OK  [0m] Closed Syslog Socket.
[[0;32m  OK  [0m] Closed UUID daemon activation socket.
[[0;32m  OK  [0m] Closed D-Bus System Message Bus Socket.
[[0;32m  OK  [0m] Closed ACPID Listen Socket.
[[0;32m  OK  [0m] Closed LXD - unix socket.
[[0;32m  OK  [0m] Closed Open-iSCSI iscsid Socket.
[[0;32m  OK  [0m] Closed Socket activation for snappy daemon.
[[0;32m  OK  [0m] Stopped target System Initialization.
[[0;32m  OK  [0m] Stopped target Local Encrypted Volumes.
[[0;32m  OK  [0m] Stopped Dispatch Password Requests to Console Directory Watch.
[[0;32m  OK  [0m] Stopped Forward Password Requests to Wall Directory Watch.
         Stopping Update UTMP about System Boot/Shutdown...
[[0;32m  OK  [0m] Stopped Commit a transient machine-id on disk.
[[0;32m  OK  [0m] Stopped Initial cloud-init job (metadata service crawler).
[[0;32m  OK  [0m] Stopped Wait for Network to be Configured.
         Stopping Network Service...
         Stopping Load/Save Random Seed...
[[0;32m  OK  [0m] Stopped Update UTMP about System Boot/Shutdown.
[[0;32m  OK  [0m] Stopped Network Service.
[[0;32m  OK  [0m] Stopped Load/Save Random Seed.
[[0;32m  OK  [0m] Stopped Apply Kernel Variables.
[[0;32m  OK  [0m] Stopped Load Kernel Modules.
[[0;32m  OK  [0m] Stopped target Network (Pre).
[[0;32m  OK  [0m] Stopped Initial cloud-init job (pre-networking).
[[0;32m  OK  [0m] Stopped Create Volatile Files and Directories.
[[0;32m  OK  [0m] Stopped target Local File Systems.
         Unmounting /run/user/1000...
[[0;32m  OK  [0m] Unmounted /run/user/1000.
[[0;32m  OK  [0m] Reached target Unmount All Filesystems.
[[0;32m  OK  [0m] Stopped target Swap.
[[0;32m  OK  [0m] Stopped target Local File Systems (Pre).
[[0;32m  OK  [0m] Stopped Create Static Device Nodes in /dev.
         Stopping Monitoring of LVM2 mirrors…ng dmeventd or progress polling...
[[0;32m  OK  [0m] Stopped Remount Root and Kernel File Systems.
[[0;32m  OK  [0m] Reached target Shutdown.
[[0;32m  OK  [0m] Reached target Final Step.
         Starting Power-Off...
[ 2456.093710] reboot: Power down
